[2022-08-03 16:22:07] (ERROR in xPDO::getService @ D:\OpenServer\domains\flowers5-site\core\xpdo\xpdo.class.php : 1235) modRestClient::__construct is deprecated since version 2.3.0. Use the modRest classes instead.
[2022-08-03 16:22:07] (ERROR in xPDO::getService @ D:\OpenServer\domains\flowers5-site\core\xpdo\xpdo.class.php : 1235) modRestClient::__construct is deprecated since version 2.3.0. Use the modRest classes instead.
[2022-08-03 16:22:07] (ERROR in modRestCurlClient::__construct @ D:\OpenServer\domains\flowers5-site\core\model\modx\rest\modrestcurlclient.class.php : 26) modRestClient::__construct is deprecated since version 2.3.0. Use the modRest classes instead.
[2022-08-03 16:22:07] (ERROR in modRestCurlClient::__construct @ D:\OpenServer\domains\flowers5-site\core\model\modx\rest\modrestcurlclient.class.php : 26) modRestClient::__construct is deprecated since version 2.3.0. Use the modRest classes instead.
[2022-08-03 16:22:08] (ERROR in xPDO::getService @ D:\OpenServer\domains\flowers5-site\core\xpdo\xpdo.class.php : 1235) modRestClient::__construct is deprecated since version 2.3.0. Use the modRest classes instead.
[2022-08-03 16:22:08] (ERROR in xPDO::getService @ D:\OpenServer\domains\flowers5-site\core\xpdo\xpdo.class.php : 1235) modRestClient::__construct is deprecated since version 2.3.0. Use the modRest classes instead.
[2022-08-03 16:22:08] (ERROR in modRestCurlClient::__construct @ D:\OpenServer\domains\flowers5-site\core\model\modx\rest\modrestcurlclient.class.php : 26) modRestClient::__construct is deprecated since version 2.3.0. Use the modRest classes instead.
[2022-08-03 16:22:08] (ERROR in modRestCurlClient::__construct @ D:\OpenServer\domains\flowers5-site\core\model\modx\rest\modrestcurlclient.class.php : 26) modRestClient::__construct is deprecated since version 2.3.0. Use the modRest classes instead.
[2022-08-03 16:22:16] (ERROR in xPDO::getService @ D:\OpenServer\domains\flowers5-site\core\xpdo\xpdo.class.php : 1235) modRestClient::__construct is deprecated since version 2.3.0. Use the modRest classes instead.
[2022-08-03 16:22:16] (ERROR in modRestCurlClient::__construct @ D:\OpenServer\domains\flowers5-site\core\model\modx\rest\modrestcurlclient.class.php : 26) modRestClient::__construct is deprecated since version 2.3.0. Use the modRest classes instead.
[2022-08-03 16:22:20] (ERROR in xPDO::getService @ D:\OpenServer\domains\flowers5-site\core\xpdo\xpdo.class.php : 1235) modRestClient::__construct is deprecated since version 2.3.0. Use the modRest classes instead.
[2022-08-03 16:22:20] (ERROR in modRestCurlClient::__construct @ D:\OpenServer\domains\flowers5-site\core\model\modx\rest\modrestcurlclient.class.php : 26) modRestClient::__construct is deprecated since version 2.3.0. Use the modRest classes instead.
[2022-08-03 16:22:26] (ERROR in xPDO::getService @ D:\OpenServer\domains\flowers5-site\core\xpdo\xpdo.class.php : 1235) modRestClient::__construct is deprecated since version 2.3.0. Use the modRest classes instead.
[2022-08-03 16:22:26] (ERROR in xPDO::getService @ D:\OpenServer\domains\flowers5-site\core\xpdo\xpdo.class.php : 1235) modRestClient::__construct is deprecated since version 2.3.0. Use the modRest classes instead.
[2022-08-03 16:22:26] (ERROR in modRestCurlClient::__construct @ D:\OpenServer\domains\flowers5-site\core\model\modx\rest\modrestcurlclient.class.php : 26) modRestClient::__construct is deprecated since version 2.3.0. Use the modRest classes instead.
[2022-08-03 16:22:26] (ERROR in modRestCurlClient::__construct @ D:\OpenServer\domains\flowers5-site\core\model\modx\rest\modrestcurlclient.class.php : 26) modRestClient::__construct is deprecated since version 2.3.0. Use the modRest classes instead.
[2022-08-03 16:22:34] (ERROR in xPDO::getService @ D:\OpenServer\domains\flowers5-site\core\xpdo\xpdo.class.php : 1235) modRestClient::__construct is deprecated since version 2.3.0. Use the modRest classes instead.
[2022-08-03 16:22:34] (ERROR in modRestCurlClient::__construct @ D:\OpenServer\domains\flowers5-site\core\model\modx\rest\modrestcurlclient.class.php : 26) modRestClient::__construct is deprecated since version 2.3.0. Use the modRest classes instead.
[2022-08-03 16:22:36] (ERROR in xPDO::getService @ D:\OpenServer\domains\flowers5-site\core\xpdo\xpdo.class.php : 1235) modRestClient::__construct is deprecated since version 2.3.0. Use the modRest classes instead.
[2022-08-03 16:22:36] (ERROR in modRestCurlClient::__construct @ D:\OpenServer\domains\flowers5-site\core\model\modx\rest\modrestcurlclient.class.php : 26) modRestClient::__construct is deprecated since version 2.3.0. Use the modRest classes instead.
[2022-08-03 16:22:41] (ERROR in xPDO::getService @ D:\OpenServer\domains\flowers5-site\core\xpdo\xpdo.class.php : 1235) modRestClient::__construct is deprecated since version 2.3.0. Use the modRest classes instead.
[2022-08-03 16:22:41] (ERROR in modRestCurlClient::__construct @ D:\OpenServer\domains\flowers5-site\core\model\modx\rest\modrestcurlclient.class.php : 26) modRestClient::__construct is deprecated since version 2.3.0. Use the modRest classes instead.
[2022-08-03 16:22:41] (ERROR in xPDO::getService @ D:\OpenServer\domains\flowers5-site\core\xpdo\xpdo.class.php : 1235) modRestClient::__construct is deprecated since version 2.3.0. Use the modRest classes instead.
[2022-08-03 16:22:41] (ERROR in modRestCurlClient::__construct @ D:\OpenServer\domains\flowers5-site\core\model\modx\rest\modrestcurlclient.class.php : 26) modRestClient::__construct is deprecated since version 2.3.0. Use the modRest classes instead.
[2022-08-03 16:23:00] (ERROR @ D:\OpenServer\domains\flowers5-site\core\xpdo\xpdo.class.php : 644) Could not load class: pdoFetch from pdofetch.
[2022-08-03 16:23:00] (ERROR @ D:\OpenServer\domains\flowers5-site\core\xpdo\xpdo.class.php : 1248) Problem getting service pdoFetch, instance of class pdoFetch, from path 
[2022-08-03 16:23:00] (ERROR @ D:\OpenServer\domains\flowers5-site\core\components\minishop2\model\minishop2\minishop2.class.php : 642) pdoTools not installed, metadata for miniShop2 objects not loaded
[2022-08-03 16:23:00] (ERROR @ D:\OpenServer\domains\flowers5-site\core\xpdo\xpdo.class.php : 644) Could not load class: pdoFetch from pdofetch.
[2022-08-03 16:23:00] (ERROR @ D:\OpenServer\domains\flowers5-site\core\xpdo\xpdo.class.php : 1248) Problem getting service pdoFetch, instance of class pdoFetch, from path 
[2022-08-03 16:23:00] (ERROR @ D:\OpenServer\domains\flowers5-site\core\components\minishop2\model\minishop2\minishop2.class.php : 642) pdoTools not installed, metadata for miniShop2 objects not loaded
[2022-08-03 16:23:00] (ERROR in xPDO::getService @ D:\OpenServer\domains\flowers5-site\core\xpdo\xpdo.class.php : 1235) modRestClient::__construct is deprecated since version 2.3.0. Use the modRest classes instead.
[2022-08-03 16:23:00] (ERROR in modRestCurlClient::__construct @ D:\OpenServer\domains\flowers5-site\core\model\modx\rest\modrestcurlclient.class.php : 26) modRestClient::__construct is deprecated since version 2.3.0. Use the modRest classes instead.
[2022-08-03 16:23:01] (ERROR @ D:\OpenServer\domains\flowers5-site\core\xpdo\xpdo.class.php : 644) Could not load class: pdoFetch from pdofetch.
[2022-08-03 16:23:01] (ERROR @ D:\OpenServer\domains\flowers5-site\core\xpdo\xpdo.class.php : 1248) Problem getting service pdoFetch, instance of class pdoFetch, from path 
[2022-08-03 16:23:01] (ERROR @ D:\OpenServer\domains\flowers5-site\core\components\minishop2\model\minishop2\minishop2.class.php : 642) pdoTools not installed, metadata for miniShop2 objects not loaded
[2022-08-03 16:23:52] (ERROR @ D:\OpenServer\domains\flowers5-site\core\xpdo\xpdo.class.php : 644) Could not load class: pdoFetch from pdofetch.
[2022-08-03 16:23:52] (ERROR @ D:\OpenServer\domains\flowers5-site\core\xpdo\xpdo.class.php : 1248) Problem getting service pdoFetch, instance of class pdoFetch, from path 
[2022-08-03 16:23:52] (ERROR @ D:\OpenServer\domains\flowers5-site\core\components\minishop2\model\minishop2\minishop2.class.php : 642) pdoTools not installed, metadata for miniShop2 objects not loaded
[2022-08-03 16:23:53] (ERROR @ D:\OpenServer\domains\flowers5-site\core\xpdo\xpdo.class.php : 644) Could not load class: pdoFetch from pdofetch.
[2022-08-03 16:23:53] (ERROR @ D:\OpenServer\domains\flowers5-site\core\xpdo\xpdo.class.php : 1248) Problem getting service pdoFetch, instance of class pdoFetch, from path 
[2022-08-03 16:23:53] (ERROR @ D:\OpenServer\domains\flowers5-site\core\components\minishop2\model\minishop2\minishop2.class.php : 642) pdoTools not installed, metadata for miniShop2 objects not loaded
[2022-08-03 16:23:53] (ERROR @ D:\OpenServer\domains\flowers5-site\core\xpdo\xpdo.class.php : 644) Could not load class: pdoFetch from pdofetch.
[2022-08-03 16:23:53] (ERROR @ D:\OpenServer\domains\flowers5-site\core\xpdo\xpdo.class.php : 1248) Problem getting service pdoFetch, instance of class pdoFetch, from path 
[2022-08-03 16:23:53] (ERROR @ D:\OpenServer\domains\flowers5-site\core\components\minishop2\model\minishop2\minishop2.class.php : 642) pdoTools not installed, metadata for miniShop2 objects not loaded
[2022-08-03 16:23:54] (ERROR @ D:\OpenServer\domains\flowers5-site\core\xpdo\xpdo.class.php : 644) Could not load class: pdoFetch from pdofetch.
[2022-08-03 16:23:54] (ERROR @ D:\OpenServer\domains\flowers5-site\core\xpdo\xpdo.class.php : 1248) Problem getting service pdoFetch, instance of class pdoFetch, from path 
[2022-08-03 16:23:54] (ERROR @ D:\OpenServer\domains\flowers5-site\core\components\minishop2\model\minishop2\minishop2.class.php : 642) pdoTools not installed, metadata for miniShop2 objects not loaded
[2022-08-03 16:23:55] (ERROR @ D:\OpenServer\domains\flowers5-site\core\xpdo\xpdo.class.php : 644) Could not load class: pdoFetch from pdofetch.
[2022-08-03 16:23:55] (ERROR @ D:\OpenServer\domains\flowers5-site\core\xpdo\xpdo.class.php : 1248) Problem getting service pdoFetch, instance of class pdoFetch, from path 
[2022-08-03 16:23:55] (ERROR @ D:\OpenServer\domains\flowers5-site\core\components\minishop2\model\minishop2\minishop2.class.php : 642) pdoTools not installed, metadata for miniShop2 objects not loaded
[2022-08-03 16:23:55] (ERROR in xPDO::getService @ D:\OpenServer\domains\flowers5-site\core\xpdo\xpdo.class.php : 1235) modRestClient::__construct is deprecated since version 2.3.0. Use the modRest classes instead.
[2022-08-03 16:23:55] (ERROR in modRestCurlClient::__construct @ D:\OpenServer\domains\flowers5-site\core\model\modx\rest\modrestcurlclient.class.php : 26) modRestClient::__construct is deprecated since version 2.3.0. Use the modRest classes instead.
